<?xml version="1.0" encoding="UTF-8"?>
<!-- Generated by org.testng.reporters.JUnitXMLReporter -->
<testsuite ignored="0" hostname="Pawan" failures="2" tests="5" name="dataDriven Test" time="62.097" errors="0" timestamp="2023-05-10T01:47:37 IST">
  <testcase classname="testCases.TC_003_LoginDDT" name="test_LoginDT" time="10.962">
    <failure type="java.lang.AssertionError" message="expected [true] but found [false]">
      <![CDATA[java.lang.AssertionError: expected [true] but found [false]
at testCases.TC_003_LoginDDT.test_LoginDT(TC_003_LoginDDT.java:53)
at java.base/java.util.ArrayList.forEach(ArrayList.java:1511)
... Removed 29 stack frames]]>
    </failure>
  </testcase> <!-- test_LoginDT -->
  <testcase classname="testCases.TC_003_LoginDDT" name="test_LoginDT" time="10.869"/>
  <testcase classname="testCases.TC_003_LoginDDT" name="test_LoginDT" time="10.9"/>
  <testcase classname="testCases.TC_003_LoginDDT" name="test_LoginDT" time="10.874"/>
  <testcase classname="testCases.TC_003_LoginDDT" name="test_LoginDT" time="10.896">
    <failure type="java.lang.AssertionError" message="expected [true] but found [false]">
      <![CDATA[java.lang.AssertionError: expected [true] but found [false]
at testCases.TC_003_LoginDDT.test_LoginDT(TC_003_LoginDDT.java:53)
at java.base/java.util.ArrayList.forEach(ArrayList.java:1511)
... Removed 29 stack frames]]>
    </failure>
  </testcase> <!-- test_LoginDT -->
</testsuite> <!-- dataDriven Test -->
