<?xml version="1.0" encoding="UTF-8"?>
<!-- Generated by org.testng.reporters.JUnitXMLReporter -->
<testsuite ignored="0" hostname="Pawan" failures="2" tests="2" name="grouping Test" time="22.912" errors="0" timestamp="2023-05-10T00:05:30 IST">
  <testcase classname="testCases.TC_001_AccountRegistrationTest" name="test_Account_Registration" time="2.758">
    <failure type="java.lang.AssertionError" message="null">
      <![CDATA[java.lang.AssertionError: null
at testCases.TC_001_AccountRegistrationTest.test_Account_Registration(TC_001_AccountRegistrationTest.java:61)
at java.base/java.util.ArrayList.forEach(ArrayList.java:1511)
... Removed 27 stack frames]]>
    </failure>
  </testcase> <!-- test_Account_Registration -->
  <testcase classname="testCases.TC_002_LoginTest" name="test_LoginTest" time="10.932">
    <failure type="java.lang.AssertionError" message="Login Data is Invalid expected [true] but found [false]">
      <![CDATA[java.lang.AssertionError: Login Data is Invalid expected [true] but found [false]
at testCases.TC_002_LoginTest.test_LoginTest(TC_002_LoginTest.java:37)
at java.base/java.util.ArrayList.forEach(ArrayList.java:1511)
... Removed 30 stack frames]]>
    </failure>
  </testcase> <!-- test_LoginTest -->
</testsuite> <!-- grouping Test -->
